<?xml version="1.0" encoding="UTF-8"?>
<coverage generated="1607030644701" clover="3.2.0">
  <project timestamp="1607030644701" name="All files">
    <metrics statements="65" coveredstatements="55" conditionals="88" coveredconditionals="57" methods="13" coveredmethods="11" elements="166" coveredelements="123" complexity="0" loc="65" ncloc="65" packages="2" files="12" classes="12"/>
    <package name="src">
      <metrics statements="52" coveredstatements="45" conditionals="59" coveredconditionals="36" methods="11" coveredmethods="10"/>
      <file name="filter.js" path="C:\Users\Käyttäjä\Desktop\COMP.SE.200-2020-assignment\src\filter.js">
        <metrics statements="9" coveredstatements="9" conditionals="4" coveredconditionals="3" methods="1" coveredmethods="1"/>
        <line num="25" count="1" type="stmt"/>
        <line num="26" count="1" type="stmt"/>
        <line num="27" count="1" type="cond" truecount="1" falsecount="1"/>
        <line num="28" count="1" type="stmt"/>
        <line num="30" count="1" type="stmt"/>
        <line num="31" count="2" type="stmt"/>
        <line num="32" count="2" type="cond" truecount="2" falsecount="0"/>
        <line num="33" count="1" type="stmt"/>
        <line num="36" count="1" type="stmt"/>
      </file>
      <file name="isBoolean.js" path="C:\Users\Käyttäjä\Desktop\COMP.SE.200-2020-assignment\src\isBoolean.js">
        <metrics statements="1" coveredstatements="1" conditionals="4" coveredconditionals="3" methods="1" coveredmethods="1"/>
        <line num="20" count="3" type="cond" truecount="3" falsecount="1"/>
      </file>
      <file name="isDate.js" path="C:\Users\Käyttäjä\Desktop\COMP.SE.200-2020-assignment\src\isDate.js">
        <metrics statements="4" coveredstatements="3" conditionals="6" coveredconditionals="3" methods="2" coveredmethods="1"/>
        <line num="6" count="1" type="cond" truecount="2" falsecount="0"/>
        <line num="23" count="1" type="cond" truecount="1" falsecount="1"/>
        <line num="24" count="2" type="stmt"/>
        <line num="25" count="0" type="cond" truecount="0" falsecount="2"/>
      </file>
      <file name="isObject.js" path="C:\Users\Käyttäjä\Desktop\COMP.SE.200-2020-assignment\src\isObject.js">
        <metrics statements="2" coveredstatements="2" conditionals="3" coveredconditionals="3" methods="1" coveredmethods="1"/>
        <line num="25" count="1" type="stmt"/>
        <line num="26" count="1" type="cond" truecount="3" falsecount="0"/>
      </file>
      <file name="isObjectLike.js" path="C:\Users\Käyttäjä\Desktop\COMP.SE.200-2020-assignment\src\isObjectLike.js">
        <metrics statements="1" coveredstatements="1" conditionals="2" coveredconditionals="2" methods="1" coveredmethods="1"/>
        <line num="24" count="2" type="cond" truecount="2" falsecount="0"/>
      </file>
      <file name="isSymbol.js" path="C:\Users\Käyttäjä\Desktop\COMP.SE.200-2020-assignment\src\isSymbol.js">
        <metrics statements="2" coveredstatements="2" conditionals="4" coveredconditionals="3" methods="1" coveredmethods="1"/>
        <line num="19" count="6" type="stmt"/>
        <line num="20" count="6" type="cond" truecount="3" falsecount="1"/>
      </file>
      <file name="map.js" path="C:\Users\Käyttäjä\Desktop\COMP.SE.200-2020-assignment\src\map.js">
        <metrics statements="6" coveredstatements="6" conditionals="2" coveredconditionals="1" methods="1" coveredmethods="1"/>
        <line num="20" count="1" type="stmt"/>
        <line num="21" count="1" type="cond" truecount="1" falsecount="1"/>
        <line num="22" count="1" type="stmt"/>
        <line num="24" count="1" type="stmt"/>
        <line num="25" count="2" type="stmt"/>
        <line num="27" count="1" type="stmt"/>
      </file>
      <file name="toNumber.js" path="C:\Users\Käyttäjä\Desktop\COMP.SE.200-2020-assignment\src\toNumber.js">
        <metrics statements="18" coveredstatements="14" conditionals="22" coveredconditionals="9" methods="1" coveredmethods="1"/>
        <line num="5" count="1" type="stmt"/>
        <line num="8" count="1" type="stmt"/>
        <line num="11" count="1" type="stmt"/>
        <line num="14" count="1" type="stmt"/>
        <line num="17" count="1" type="stmt"/>
        <line num="20" count="1" type="stmt"/>
        <line num="45" count="3" type="cond" truecount="2" falsecount="0"/>
        <line num="46" count="2" type="stmt"/>
        <line num="48" count="1" type="cond" truecount="1" falsecount="1"/>
        <line num="49" count="0" type="stmt"/>
        <line num="51" count="1" type="cond" truecount="1" falsecount="1"/>
        <line num="52" count="0" type="cond" truecount="0" falsecount="2"/>
        <line num="53" count="0" type="cond" truecount="0" falsecount="2"/>
        <line num="55" count="1" type="cond" truecount="1" falsecount="1"/>
        <line num="56" count="0" type="cond" truecount="0" falsecount="2"/>
        <line num="58" count="1" type="stmt"/>
        <line num="59" count="1" type="stmt"/>
        <line num="60" count="1" type="cond" truecount="3" falsecount="1"/>
      </file>
      <file name="toString.js" path="C:\Users\Käyttäjä\Desktop\COMP.SE.200-2020-assignment\src\toString.js">
        <metrics statements="9" coveredstatements="7" conditionals="12" coveredconditionals="9" methods="2" coveredmethods="2"/>
        <line num="4" count="1" type="stmt"/>
        <line num="28" count="6" type="cond" truecount="1" falsecount="1"/>
        <line num="29" count="0" type="stmt"/>
        <line num="31" count="6" type="cond" truecount="2" falsecount="0"/>
        <line num="33" count="3" type="cond" truecount="1" falsecount="1"/>
        <line num="35" count="5" type="cond" truecount="1" falsecount="1"/>
        <line num="36" count="0" type="stmt"/>
        <line num="38" count="5" type="stmt"/>
        <line num="39" count="5" type="cond" truecount="4" falsecount="0"/>
      </file>
    </package>
    <package name="src..internal">
      <metrics statements="13" coveredstatements="10" conditionals="29" coveredconditionals="21" methods="2" coveredmethods="1"/>
      <file name="freeGlobal.js" path="C:\Users\Käyttäjä\Desktop\COMP.SE.200-2020-assignment\src\.internal\freeGlobal.js">
        <metrics statements="1" coveredstatements="1" conditionals="4" coveredconditionals="4" methods="0" coveredmethods="0"/>
        <line num="2" count="1" type="cond" truecount="4" falsecount="0"/>
      </file>
      <file name="getTag.js" path="C:\Users\Käyttäjä\Desktop\COMP.SE.200-2020-assignment\src\.internal\getTag.js">
        <metrics statements="4" coveredstatements="1" conditionals="4" coveredconditionals="0" methods="1" coveredmethods="0"/>
        <line num="1" count="4" type="stmt"/>
        <line num="11" count="0" type="cond" truecount="0" falsecount="2"/>
        <line num="12" count="0" type="cond" truecount="0" falsecount="2"/>
        <line num="14" count="0" type="stmt"/>
      </file>
      <file name="nodeTypes.js" path="C:\Users\Käyttäjä\Desktop\COMP.SE.200-2020-assignment\src\.internal\nodeTypes.js">
        <metrics statements="8" coveredstatements="8" conditionals="21" coveredconditionals="17" methods="1" coveredmethods="1"/>
        <line num="4" count="1" type="cond" truecount="4" falsecount="0"/>
        <line num="7" count="1" type="cond" truecount="5" falsecount="0"/>
        <line num="10" count="1" type="cond" truecount="2" falsecount="0"/>
        <line num="13" count="1" type="cond" truecount="2" falsecount="0"/>
        <line num="16" count="1" type="stmt"/>
        <line num="17" count="1" type="stmt"/>
        <line num="20" count="1" type="cond" truecount="3" falsecount="0"/>
        <line num="21" count="1" type="cond" truecount="1" falsecount="1"/>
      </file>
    </package>
  </project>
</coverage>
