TN:
SF:src\at.js
FN:19,(anonymous_0)
FNF:1
FNH:1
FNDA:5,(anonymous_0)
DA:19,5
LF:1
LH:1
BRF:0
BRH:0
end_of_record
TN:
SF:src\capitalize.js
FN:17,(anonymous_0)
FNF:1
FNH:1
FNDA:11,(anonymous_0)
DA:17,11
LF:1
LH:1
BRF:0
BRH:0
end_of_record
TN:
SF:src\chunk.js
FN:22,chunk
FNF:1
FNH:1
FNDA:2,chunk
DA:23,2
DA:24,2
DA:25,2
DA:26,0
DA:28,2
DA:29,2
DA:30,2
DA:32,2
DA:33,4
DA:35,2
LF:10
LH:9
BRDA:22,0,0,0
BRDA:24,1,0,0
BRDA:24,1,1,2
BRDA:25,2,0,0
BRDA:25,2,1,2
BRDA:25,3,0,2
BRDA:25,3,1,2
BRF:7
BRH:4
end_of_record
TN:
SF:src\compact.js
FN:14,compact
FNF:1
FNH:1
FNDA:1,compact
DA:15,1
DA:16,1
DA:18,1
DA:19,6
DA:20,3
DA:23,1
LF:6
LH:6
BRDA:19,0,0,3
BRDA:19,0,1,3
BRF:2
BRH:2
end_of_record
TN:
SF:src\countBy.js
FN:29,countBy
FN:30,(anonymous_1)
FNF:2
FNH:2
FNDA:4,countBy
FNDA:7,(anonymous_1)
DA:5,1
DA:30,4
DA:31,7
DA:32,7
DA:33,3
DA:35,4
DA:37,7
LF:7
LH:7
BRDA:32,0,0,3
BRDA:32,0,1,4
BRF:2
BRH:2
end_of_record
TN:
SF:src\defaultTo.js
FN:19,defaultTo
FNF:1
FNH:1
FNDA:12,defaultTo
DA:20,12
LF:1
LH:1
BRDA:20,0,0,4
BRDA:20,0,1,8
BRF:2
BRH:2
end_of_record
TN:
SF:src\filter.js
FN:24,filter
FNF:1
FNH:1
FNDA:3,filter
DA:25,3
DA:26,3
DA:27,3
DA:28,3
DA:30,3
DA:31,6
DA:32,6
DA:33,3
DA:36,3
LF:9
LH:9
BRDA:27,0,0,0
BRDA:27,0,1,3
BRDA:32,1,0,3
BRDA:32,1,1,3
BRF:4
BRH:3
end_of_record
TN:
SF:src\get.js
FN:27,get
FNF:1
FNH:1
FNDA:17,get
DA:28,17
DA:29,17
LF:2
LH:2
BRDA:28,0,0,0
BRDA:28,0,1,17
BRDA:29,1,0,4
BRDA:29,1,1,13
BRF:4
BRH:3
end_of_record
TN:
SF:src\isArguments.js
FN:19,isArguments
FNF:1
FNH:1
FNDA:11,isArguments
DA:20,11
LF:1
LH:1
BRDA:20,0,0,11
BRDA:20,0,1,0
BRF:2
BRH:1
end_of_record
TN:
SF:src\isArrayLike.js
FN:26,isArrayLike
FNF:1
FNH:1
FNDA:1,isArrayLike
DA:27,1
LF:1
LH:1
BRDA:27,0,0,1
BRDA:27,0,1,1
BRDA:27,0,2,1
BRF:3
BRH:3
end_of_record
TN:
SF:src\isBoolean.js
FN:19,isBoolean
FNF:1
FNH:1
FNDA:5,isBoolean
DA:20,5
LF:1
LH:1
BRDA:20,0,0,5
BRDA:20,0,1,3
BRDA:20,0,2,2
BRDA:20,0,3,0
BRF:4
BRH:3
end_of_record
TN:
SF:src\isBuffer.js
FN:33,(anonymous_0)
FNF:1
FNH:0
FNDA:0,(anonymous_0)
DA:4,1
DA:7,1
DA:10,1
DA:13,1
DA:16,1
DA:33,1
LF:6
LH:6
BRDA:4,0,0,1
BRDA:4,0,1,1
BRDA:4,0,2,1
BRDA:4,0,3,1
BRDA:7,1,0,1
BRDA:7,1,1,1
BRDA:7,1,2,1
BRDA:7,1,3,1
BRDA:7,1,4,1
BRDA:10,2,0,1
BRDA:10,2,1,1
BRDA:13,3,0,1
BRDA:13,3,1,0
BRDA:16,4,0,1
BRDA:16,4,1,0
BRDA:33,5,0,1
BRDA:33,5,1,0
BRF:17
BRH:14
end_of_record
TN:
SF:src\isDate.js
FN:24,(anonymous_0)
FN:25,(anonymous_1)
FNF:2
FNH:1
FNDA:2,(anonymous_0)
FNDA:0,(anonymous_1)
DA:6,1
DA:23,1
DA:24,2
DA:25,0
LF:4
LH:3
BRDA:6,0,0,1
BRDA:6,0,1,1
BRDA:23,1,0,1
BRDA:23,1,1,0
BRDA:25,2,0,0
BRDA:25,2,1,0
BRF:6
BRH:3
end_of_record
TN:
SF:src\isLength.js
FN:28,isLength
FNF:1
FNH:1
FNDA:1,isLength
DA:2,1
DA:29,1
LF:2
LH:2
BRDA:29,0,0,1
BRDA:29,0,1,1
BRDA:29,0,2,1
BRDA:29,0,3,1
BRF:4
BRH:4
end_of_record
TN:
SF:src\isObject.js
FN:24,isObject
FNF:1
FNH:1
FNDA:1,isObject
DA:25,1
DA:26,1
LF:2
LH:2
BRDA:26,0,0,1
BRDA:26,0,1,1
BRDA:26,0,2,1
BRF:3
BRH:3
end_of_record
TN:
SF:src\isObjectLike.js
FN:23,isObjectLike
FNF:1
FNH:1
FNDA:13,isObjectLike
DA:24,13
LF:1
LH:1
BRDA:24,0,0,13
BRDA:24,0,1,1
BRF:2
BRH:2
end_of_record
TN:
SF:src\isSymbol.js
FN:18,isSymbol
FNF:1
FNH:1
FNDA:25,isSymbol
DA:19,25
DA:20,25
LF:2
LH:2
BRDA:20,0,0,25
BRDA:20,0,1,25
BRDA:20,0,2,2
BRDA:20,0,3,0
BRF:4
BRH:3
end_of_record
TN:
SF:src\isTypedArray.js
FN:27,(anonymous_0)
FN:28,(anonymous_1)
FNF:2
FNH:0
FNDA:0,(anonymous_0)
FNDA:0,(anonymous_1)
DA:6,1
DA:9,1
DA:26,1
DA:27,0
DA:28,0
LF:5
LH:3
BRDA:9,0,0,1
BRDA:9,0,1,1
BRDA:26,1,0,1
BRDA:26,1,1,0
BRDA:28,2,0,0
BRDA:28,2,1,0
BRF:6
BRH:3
end_of_record
TN:
SF:src\keys.js
FN:31,keys
FNF:1
FNH:0
FNDA:0,keys
DA:32,0
LF:1
LH:0
BRDA:32,0,0,0
BRDA:32,0,1,0
BRF:2
BRH:0
end_of_record
TN:
SF:src\map.js
FN:19,map
FNF:1
FNH:1
FNDA:1,map
DA:20,1
DA:21,1
DA:22,1
DA:24,1
DA:25,2
DA:27,1
LF:6
LH:6
BRDA:21,0,0,0
BRDA:21,0,1,1
BRF:2
BRH:1
end_of_record
TN:
SF:src\memoize.js
FN:43,memoize
FN:47,(anonymous_1)
FNF:2
FNH:2
FNDA:4,memoize
FNDA:16,(anonymous_1)
DA:44,4
DA:45,0
DA:47,4
DA:48,16
DA:49,16
DA:51,16
DA:52,1
DA:54,15
DA:55,15
DA:56,15
DA:58,4
DA:59,4
DA:62,4
LF:13
LH:12
BRDA:44,0,0,0
BRDA:44,0,1,4
BRDA:44,1,0,4
BRDA:44,1,1,4
BRDA:44,1,2,4
BRDA:48,2,0,16
BRDA:48,2,1,0
BRDA:51,3,0,1
BRDA:51,3,1,15
BRDA:55,4,0,15
BRDA:55,4,1,0
BRDA:58,5,0,4
BRDA:58,5,1,0
BRF:13
BRH:9
end_of_record
TN:
SF:src\reduce.js
FN:38,reduce
FNF:1
FNH:1
FNDA:4,reduce
DA:39,4
DA:40,4
DA:41,4
LF:3
LH:3
BRDA:39,0,0,3
BRDA:39,0,1,1
BRF:2
BRH:2
end_of_record
TN:
SF:src\slice.js
FN:21,slice
FNF:1
FNH:1
FNDA:4,slice
DA:22,4
DA:23,4
DA:24,0
DA:26,4
DA:27,4
DA:29,4
DA:30,0
DA:32,4
DA:33,0
DA:35,4
DA:36,4
DA:38,4
DA:39,4
DA:40,4
DA:41,8
DA:43,4
LF:16
LH:13
BRDA:22,0,0,0
BRDA:22,0,1,4
BRDA:23,1,0,0
BRDA:23,1,1,4
BRDA:26,2,0,0
BRDA:26,2,1,4
BRDA:27,3,0,0
BRDA:27,3,1,4
BRDA:29,4,0,0
BRDA:29,4,1,4
BRDA:30,5,0,0
BRDA:30,5,1,0
BRDA:32,6,0,0
BRDA:32,6,1,4
BRDA:35,7,0,0
BRDA:35,7,1,4
BRF:16
BRH:7
end_of_record
TN:
SF:src\toFinite.js
FN:28,toFinite
FNF:1
FNH:1
FNDA:2,toFinite
DA:4,1
DA:5,1
DA:29,2
DA:30,0
DA:32,2
DA:33,2
DA:34,0
DA:35,0
DA:37,2
LF:9
LH:6
BRDA:29,0,0,0
BRDA:29,0,1,2
BRDA:30,1,0,0
BRDA:30,1,1,0
BRDA:33,2,0,0
BRDA:33,2,1,2
BRDA:33,3,0,2
BRDA:33,3,1,2
BRDA:34,4,0,0
BRDA:34,4,1,0
BRDA:37,5,0,2
BRDA:37,5,1,0
BRF:12
BRH:5
end_of_record
TN:
SF:src\toInteger.js
FN:28,toInteger
FNF:1
FNH:1
FNDA:2,toInteger
DA:29,2
DA:30,2
DA:32,2
LF:3
LH:3
BRDA:32,0,0,0
BRDA:32,0,1,2
BRF:2
BRH:1
end_of_record
TN:
SF:src\toNumber.js
FN:44,toNumber
FNF:1
FNH:1
FNDA:6,toNumber
DA:5,3
DA:8,3
DA:11,3
DA:14,3
DA:17,3
DA:20,3
DA:45,6
DA:46,5
DA:48,1
DA:49,0
DA:51,1
DA:52,0
DA:53,0
DA:55,1
DA:56,0
DA:58,1
DA:59,1
DA:60,1
LF:18
LH:14
BRDA:45,0,0,5
BRDA:45,0,1,1
BRDA:48,1,0,0
BRDA:48,1,1,1
BRDA:51,2,0,0
BRDA:51,2,1,1
BRDA:52,3,0,0
BRDA:52,3,1,0
BRDA:53,4,0,0
BRDA:53,4,1,0
BRDA:55,5,0,0
BRDA:55,5,1,1
BRDA:56,6,0,0
BRDA:56,6,1,0
BRDA:60,7,0,0
BRDA:60,7,1,1
BRDA:60,8,0,1
BRDA:60,8,1,1
BRDA:61,9,0,0
BRDA:61,9,1,0
BRDA:62,10,0,0
BRDA:62,10,1,1
BRF:22
BRH:9
end_of_record
TN:
SF:src\toString.js
FN:25,toString
FN:33,(anonymous_1)
FNF:2
FNH:2
FNDA:19,toString
FNDA:5,(anonymous_1)
DA:4,3
DA:28,19
DA:29,10
DA:31,9
DA:33,5
DA:35,7
DA:36,0
DA:38,7
DA:39,7
LF:9
LH:8
BRDA:28,0,0,10
BRDA:28,0,1,9
BRDA:31,1,0,2
BRDA:31,1,1,7
BRDA:33,2,0,0
BRDA:33,2,1,5
BRDA:35,3,0,0
BRDA:35,3,1,7
BRDA:39,4,0,1
BRDA:39,4,1,6
BRDA:39,5,0,7
BRDA:39,5,1,1
BRF:12
BRH:10
end_of_record
TN:
SF:src\upperFirst.js
FNF:0
FNH:0
DA:19,2
LF:1
LH:1
BRF:0
BRH:0
end_of_record
TN:
SF:src\.internal\arrayLikeKeys.js
FN:17,arrayLikeKeys
FNF:1
FNH:0
FNDA:0,arrayLikeKeys
DA:7,1
DA:18,0
DA:19,0
DA:20,0
DA:21,0
DA:22,0
DA:23,0
DA:24,0
DA:25,0
DA:26,0
DA:27,0
DA:29,0
DA:30,0
DA:37,0
DA:40,0
LF:15
LH:1
BRDA:19,0,0,0
BRDA:19,0,1,0
BRDA:20,1,0,0
BRDA:20,1,1,0
BRDA:20,1,2,0
BRDA:21,2,0,0
BRDA:21,2,1,0
BRDA:21,2,2,0
BRDA:21,2,3,0
BRDA:22,3,0,0
BRDA:22,3,1,0
BRDA:22,3,2,0
BRDA:22,3,3,0
BRDA:24,4,0,0
BRDA:24,4,1,0
BRDA:25,5,0,0
BRDA:25,5,1,0
BRDA:30,6,0,0
BRDA:30,6,1,0
BRDA:30,7,0,0
BRDA:30,7,1,0
BRDA:30,7,2,0
BRDA:31,8,0,0
BRDA:31,8,1,0
BRDA:31,8,2,0
BRF:25
BRH:0
end_of_record
TN:
SF:src\.internal\arrayReduce.js
FN:12,arrayReduce
FNF:1
FNH:1
FNDA:3,arrayReduce
DA:13,3
DA:14,3
DA:16,3
DA:17,0
DA:19,3
DA:20,7
DA:22,3
LF:7
LH:6
BRDA:14,0,0,0
BRDA:14,0,1,3
BRDA:16,1,0,0
BRDA:16,1,1,3
BRDA:16,2,0,3
BRDA:16,2,1,0
BRF:6
BRH:3
end_of_record
TN:
SF:src\.internal\asciiToArray.js
FN:8,asciiToArray
FNF:1
FNH:0
FNDA:0,asciiToArray
DA:9,0
LF:1
LH:0
BRF:0
BRH:0
end_of_record
TN:
SF:src\.internal\baseAssignValue.js
FN:10,baseAssignValue
FNF:1
FNH:1
FNDA:4,baseAssignValue
DA:11,4
DA:12,0
DA:19,4
LF:3
LH:2
BRDA:11,0,0,0
BRDA:11,0,1,4
BRF:2
BRH:1
end_of_record
TN:
SF:src\.internal\baseAt.js
FN:11,baseAt
FNF:1
FNH:1
FNDA:5,baseAt
DA:12,5
DA:13,5
DA:14,5
DA:15,5
DA:17,5
DA:18,11
DA:20,5
LF:7
LH:7
BRDA:18,0,0,0
BRDA:18,0,1,11
BRF:2
BRH:1
end_of_record
TN:
SF:src\.internal\baseEach.js
FN:12,baseEach
FNF:1
FNH:1
FNDA:1,baseEach
DA:13,1
DA:14,0
DA:16,1
DA:17,0
DA:19,1
DA:20,1
DA:21,1
DA:23,1
DA:24,0
DA:25,0
DA:28,1
LF:11
LH:7
BRDA:13,0,0,0
BRDA:13,0,1,1
BRDA:16,1,0,0
BRDA:16,1,1,1
BRDA:24,2,0,0
BRDA:24,2,1,0
BRF:6
BRH:2
end_of_record
TN:
SF:src\.internal\baseFlatten.js
FN:14,baseFlatten
FNF:1
FNH:1
FNDA:5,baseFlatten
DA:15,5
DA:16,5
DA:18,5
DA:19,0
DA:22,5
DA:23,11
DA:24,0
DA:26,0
DA:28,0
DA:30,11
DA:31,11
DA:34,5
LF:12
LH:8
BRDA:15,0,0,5
BRDA:15,0,1,5
BRDA:16,1,0,5
BRDA:16,1,1,5
BRDA:18,2,0,0
BRDA:18,2,1,5
BRDA:23,3,0,0
BRDA:23,3,1,11
BRDA:23,4,0,11
BRDA:23,4,1,11
BRDA:24,5,0,0
BRDA:24,5,1,0
BRDA:30,6,0,11
BRDA:30,6,1,0
BRF:14
BRH:9
end_of_record
TN:
SF:src\.internal\baseFor.js
FN:12,baseFor
FNF:1
FNH:0
FNDA:0,baseFor
DA:13,0
DA:14,0
DA:15,0
DA:16,0
DA:18,0
DA:19,0
DA:20,0
DA:21,0
DA:24,0
LF:9
LH:0
BRDA:20,0,0,0
BRDA:20,0,1,0
BRF:2
BRH:0
end_of_record
TN:
SF:src\.internal\baseForOwn.js
FN:12,baseForOwn
FNF:1
FNH:0
FNDA:0,baseForOwn
DA:13,0
LF:1
LH:0
BRDA:13,0,0,0
BRDA:13,0,1,0
BRF:2
BRH:0
end_of_record
TN:
SF:src\.internal\baseGet.js
FN:12,baseGet
FNF:1
FNH:1
FNDA:17,baseGet
DA:13,17
DA:15,17
DA:16,17
DA:18,17
DA:19,53
DA:21,17
LF:6
LH:6
BRDA:18,0,0,70
BRDA:18,0,1,64
BRDA:21,1,0,15
BRDA:21,1,1,2
BRDA:21,2,0,17
BRDA:21,2,1,17
BRF:6
BRH:6
end_of_record
TN:
SF:src\.internal\baseReduce.js
FN:14,baseReduce
FN:15,(anonymous_1)
FNF:2
FNH:1
FNDA:1,baseReduce
FNDA:0,(anonymous_1)
DA:15,1
DA:16,0
DA:20,1
LF:3
LH:2
BRDA:16,0,0,0
BRDA:16,0,1,0
BRF:2
BRH:0
end_of_record
TN:
SF:src\.internal\castPath.js
FN:12,castPath
FNF:1
FNH:1
FNDA:17,castPath
DA:13,17
DA:14,0
DA:16,17
LF:3
LH:2
BRDA:13,0,0,0
BRDA:13,0,1,17
BRDA:16,1,0,1
BRDA:16,1,1,16
BRF:4
BRH:3
end_of_record
TN:
SF:src\.internal\castSlice.js
FN:12,castSlice
FNF:1
FNH:0
FNDA:0,castSlice
DA:13,0
DA:14,0
DA:15,0
LF:3
LH:0
BRDA:14,0,0,0
BRDA:14,0,1,0
BRDA:15,1,0,0
BRDA:15,1,1,0
BRDA:15,2,0,0
BRDA:15,2,1,0
BRF:6
BRH:0
end_of_record
TN:
SF:src\.internal\createCaseFirst.js
FN:12,createCaseFirst
FN:13,(anonymous_1)
FNF:2
FNH:2
FNDA:2,createCaseFirst
FNDA:11,(anonymous_1)
DA:13,2
DA:14,11
DA:15,0
DA:18,11
DA:22,11
DA:26,11
DA:30,11
LF:7
LH:6
BRDA:14,0,0,0
BRDA:14,0,1,11
BRDA:18,1,0,0
BRDA:18,1,1,11
BRDA:22,2,0,0
BRDA:22,2,1,11
BRDA:26,3,0,0
BRDA:26,3,1,11
BRF:8
BRH:4
end_of_record
TN:
SF:src\.internal\freeGlobal.js
FNF:0
FNH:0
DA:2,2
LF:1
LH:1
BRDA:2,0,0,2
BRDA:2,0,1,2
BRDA:2,0,2,2
BRDA:2,0,3,2
BRF:4
BRH:4
end_of_record
TN:
SF:src\.internal\getTag.js
FN:10,getTag
FNF:1
FNH:0
FNDA:0,getTag
DA:1,11
DA:11,0
DA:12,0
DA:14,0
LF:4
LH:1
BRDA:11,0,0,0
BRDA:11,0,1,0
BRDA:12,1,0,0
BRDA:12,1,1,0
BRF:4
BRH:0
end_of_record
TN:
SF:src\.internal\hasUnicode.js
FN:24,hasUnicode
FNF:1
FNH:1
FNDA:11,hasUnicode
DA:2,2
DA:3,2
DA:4,2
DA:5,2
DA:6,2
DA:7,2
DA:8,2
DA:9,2
DA:12,2
DA:15,2
DA:25,11
LF:11
LH:11
BRF:0
BRH:0
end_of_record
TN:
SF:src\.internal\isFlattenable.js
FN:13,isFlattenable
FNF:1
FNH:1
FNDA:11,isFlattenable
DA:4,2
DA:14,11
LF:2
LH:2
BRDA:14,0,0,11
BRDA:14,0,1,11
BRDA:14,0,2,11
BRDA:15,1,0,11
BRDA:15,1,1,11
BRF:5
BRH:5
end_of_record
TN:
SF:src\.internal\isIndex.js
FN:15,isIndex
FNF:1
FNH:0
FNDA:0,isIndex
DA:2,1
DA:5,1
DA:16,0
DA:17,0
DA:19,0
LF:5
LH:2
BRDA:17,0,0,0
BRDA:17,0,1,0
BRDA:19,1,0,0
BRDA:19,1,1,0
BRDA:19,1,2,0
BRDA:19,1,3,0
BRDA:19,1,4,0
BRDA:19,1,5,0
BRDA:19,1,6,0
BRF:9
BRH:0
end_of_record
TN:
SF:src\.internal\isKey.js
FN:15,isKey
FNF:1
FNH:1
FNDA:17,isKey
DA:4,4
DA:5,4
DA:16,17
DA:17,0
DA:19,17
DA:20,17
DA:21,0
DA:23,17
LF:8
LH:6
BRDA:16,0,0,0
BRDA:16,0,1,17
BRDA:20,1,0,0
BRDA:20,1,1,17
BRDA:20,2,0,17
BRDA:20,2,1,17
BRDA:20,2,2,17
BRDA:20,2,3,17
BRDA:23,3,0,17
BRDA:23,3,1,16
BRDA:23,3,2,16
BRDA:23,3,3,16
BRF:12
BRH:10
end_of_record
TN:
SF:src\.internal\memoizeCapped.js
FN:14,memoizeCapped
FN:15,(anonymous_1)
FNF:2
FNH:2
FNDA:4,memoizeCapped
FNDA:16,(anonymous_1)
DA:4,4
DA:15,4
DA:16,16
DA:17,16
DA:18,0
DA:20,16
DA:23,4
LF:7
LH:6
BRDA:17,0,0,0
BRDA:17,0,1,16
BRF:2
BRH:1
end_of_record
TN:
SF:src\.internal\nodeTypes.js
FN:16,(anonymous_0)
FNF:1
FNH:1
FNDA:2,(anonymous_0)
DA:4,2
DA:7,2
DA:10,2
DA:13,2
DA:16,2
DA:17,2
DA:20,2
DA:21,2
LF:8
LH:8
BRDA:4,0,0,2
BRDA:4,0,1,2
BRDA:4,0,2,2
BRDA:4,0,3,2
BRDA:7,1,0,2
BRDA:7,1,1,2
BRDA:7,1,2,2
BRDA:7,1,3,2
BRDA:7,1,4,2
BRDA:10,2,0,2
BRDA:10,2,1,2
BRDA:13,3,0,2
BRDA:13,3,1,2
BRDA:20,4,0,2
BRDA:20,4,1,2
BRDA:20,4,2,2
BRDA:21,5,0,2
BRDA:21,5,1,0
BRDA:24,6,0,0
BRDA:24,6,1,0
BRDA:24,6,2,0
BRF:21
BRH:17
end_of_record
TN:
SF:src\.internal\root.js
FNF:0
FNH:0
DA:5,1
DA:8,1
DA:11,1
LF:3
LH:3
BRDA:5,0,0,1
BRDA:5,0,1,0
BRDA:5,0,2,0
BRDA:5,0,3,0
BRDA:8,1,0,1
BRDA:8,1,1,1
BRDA:8,1,2,1
BRDA:8,1,3,1
BRDA:11,2,0,1
BRDA:11,2,1,1
BRDA:11,2,2,0
BRDA:11,2,3,0
BRF:12
BRH:7
end_of_record
TN:
SF:src\.internal\stringToArray.js
FN:12,stringToArray
FNF:1
FNH:0
FNDA:0,stringToArray
DA:13,0
LF:1
LH:0
BRDA:13,0,0,0
BRDA:13,0,1,0
BRF:2
BRH:0
end_of_record
TN:
SF:src\.internal\stringToPath.js
FN:26,(anonymous_0)
FN:31,(anonymous_1)
FNF:2
FNH:2
FNDA:15,(anonymous_0)
FNDA:52,(anonymous_1)
DA:3,4
DA:4,4
DA:5,4
DA:26,4
DA:27,15
DA:28,15
DA:29,0
DA:31,15
DA:32,52
DA:33,52
DA:34,0
DA:36,52
DA:37,14
DA:39,52
DA:41,15
LF:15
LH:13
BRDA:28,0,0,0
BRDA:28,0,1,15
BRDA:33,1,0,0
BRDA:33,1,1,52
BRDA:36,2,0,14
BRDA:36,2,1,38
BRF:6
BRH:4
end_of_record
TN:
SF:src\.internal\toKey.js
FN:13,toKey
FNF:1
FNH:1
FNDA:53,toKey
DA:4,4
DA:14,53
DA:15,53
DA:17,0
DA:18,0
LF:5
LH:3
BRDA:14,0,0,53
BRDA:14,0,1,0
BRDA:14,1,0,53
BRDA:14,1,1,0
BRDA:18,2,0,0
BRDA:18,2,1,0
BRDA:18,3,0,0
BRDA:18,3,1,0
BRF:8
BRH:2
end_of_record
TN:
SF:src\.internal\unicodeToArray.js
FN:39,unicodeToArray
FNF:1
FNH:0
FNDA:0,unicodeToArray
DA:2,2
DA:3,2
DA:4,2
DA:5,2
DA:6,2
DA:7,2
DA:8,2
DA:9,2
DA:12,2
DA:13,2
DA:14,2
DA:15,2
DA:16,2
DA:17,2
DA:18,2
DA:19,2
DA:22,2
DA:23,2
DA:24,2
DA:25,2
DA:26,2
DA:27,2
DA:30,2
DA:40,0
LF:24
LH:23
BRDA:40,0,0,0
BRDA:40,0,1,0
BRF:2
BRH:0
end_of_record
TN:
SF:tests\resources\products.js
FNF:0
FNH:0
DA:1,6
DA:8,6
DA:15,6
DA:22,6
DA:27,6
DA:34,6
LF:6
LH:6
BRF:0
BRH:0
end_of_record
